<?xml version="1.0" encoding="UTF-8"?>
<testsuite xmlns:xsi="http://www.w3.org/2001/XMLSchema-instance" xsi:noNamespaceSchemaLocation="https://maven.apache.org/surefire/maven-surefire-plugin/xsd/surefire-test-report.xsd" name="cn.jsmod2.test.foundbug.jsmod2.PacketTest" time="2,661.676" tests="2" errors="0" skipped="0" failures="0">
  <properties>
[...]
</properties>
  <testcase name="test" classname="cn.jsmod2.test.foundbug.jsmod2.PacketTest" time="0.548"/>
  <testcase name="reget" classname="cn.jsmod2.test.foundbug.jsmod2.PacketTest" time="2,661.102"/>
</testsuite>